#
# A fatal error has been detected by the Java Runtime Environment:
#
#  EXCEPTION_ACCESS_VIOLATION (0xc0000005) at pc=0x00000000054de3cc, pid=11628, tid=0x0000000000000fbc
#
# JRE version: OpenJDK Runtime Environment (8.0_76-b03) (build 1.8.0_76-release-b03)
# Java VM: OpenJDK 64-Bit Server VM (25.76-b03 mixed mode windows-amd64 compressed oops)
# Problematic frame:
# J 18291 C2 com.android.dx.dex.code.PositionList.make(Lcom/android/dx/dex/code/DalvInsnList;I)Lcom/android/dx/dex/code/PositionList; (224 bytes) @ 0x00000000054de3cc [0x00000000054de020+0x3ac]
#
# Failed to write core dump. Minidumps are not enabled by default on client versions of Windows
#
# If you would like to submit a bug report, please visit:
#   http://bugreport.java.com/bugreport/crash.jsp
#

---------------  T H R E A D  ---------------

Current thread (0x0000000020598000):  JavaThread "pool-7-thread-3" [_thread_in_Java, id=4028, stack(0x000000001da80000,0x000000001db80000)]

siginfo: ExceptionCode=0xc0000005, reading address 0x00000000dda8dd1c

Registers:
RAX=0x00000000000001f9, RBX=0x000000000000033e, RCX=0x0000000000000001, RDX=0x0000000000000002
RSP=0x000000001db7edc0, RBP=0x00000000ea15f2b0, RSI=0x00000000ea15f2b0, RDI=0x00000000dda8dd10
R8 =0x0000000000000338, R9 =0x00000000fda8def8, R10=0x000000000000033e, R11=0x00000000ea169c28
R12=0x0000000000000000, R13=0x00000000ea169c1c, R14=0x00000000ea168f08, R15=0x0000000020598000
RIP=0x00000000054de3cc, EFLAGS=0x0000000000010216

Top of Stack: (sp=0x000000001db7edc0)
0x000000001db7edc0:   0000000100000334 00000033fda8cb40
0x000000001db7edd0:   0000000000000018 000000013fb04cd0
0x000000001db7ede0:   00000000ea168f08 00000000ea168ee8
0x000000001db7edf0:   00000000a168e3c8 0000000200000310
0x000000001db7ee00:   00000000ea1611a8 0000000000000003
0x000000001db7ee10:   00000000fd78b8d8 0000012000000000
0x000000001db7ee20:   00000000fda8cb18 0000000007533e3c
0x000000001db7ee30:   00000000a16d8198 0000000005d2ddd0
0x000000001db7ee40:   0000000000000001 0000000000000000
0x000000001db7ee50:   fda8cb1800000000 00000000fda8cb18
0x000000001db7ee60:   00000000fda8cb40 00000000fda8cae0
0x000000001db7ee70:   00000000fda8cb18 00000000ea125a60
0x000000001db7ee80:   00000000fda8e140 00000000e9fe66a8
0x000000001db7ee90:   0000000100000000 0000000200000001
0x000000001db7eea0:   0000000000000001 00000000e9fe6c80
0x000000001db7eeb0:   000000000000007f 00000000e9f1bbf8 

Instructions: (pc=0x00000000054de3cc)
0x00000000054de3ac:   00 00 00 48 3b df 0f 85 e9 01 00 00 48 8b f5 8b
0x00000000054de3bc:   5e 08 81 fb bf 08 f6 27 74 aa 41 8b da 8b 7e 14
0x00000000054de3cc:   8b 47 0c 81 ff c8 86 67 a1 74 9e 41 ba c8 86 67
0x00000000054de3dc:   a1 41 8b 6a 0c 3b c5 0f 84 85 02 00 00 44 8b 57 


Register to memory mapping:

RAX=0x00000000000001f9 is an unknown value
RBX=0x000000000000033e is an unknown value
RCX=0x0000000000000001 is an unknown value
RDX=0x0000000000000002 is an unknown value
RSP=0x000000001db7edc0 is pointing into the stack for thread: 0x0000000020598000
RBP=0x00000000ea15f2b0 is an oop
com.android.dx.dex.code.OddSpacer 
 - klass: 'com/android/dx/dex/code/OddSpacer'
RSI=0x00000000ea15f2b0 is an oop
com.android.dx.dex.code.OddSpacer 
 - klass: 'com/android/dx/dex/code/OddSpacer'
RDI=0x00000000dda8dd10 is an unallocated location in the heap
R8 =0x0000000000000338 is an unknown value
R9 =0x00000000fda8def8 is an oop
com.android.dx.rop.code.SourcePosition 
 - klass: 'com/android/dx/rop/code/SourcePosition'
R10=0x000000000000033e is an unknown value
R11=0x00000000ea169c28 is an oop
[Lcom.android.dx.dex.code.PositionList$Entry; 
 - klass: 'com/android/dx/dex/code/PositionList$Entry'[]
 - length: 830
R12=0x0000000000000000 is an unknown value
R13=0x00000000ea169c1c is an unknown value
R14=0x00000000ea168f08 is an oop
com.android.dx.dex.code.DalvInsnList 
 - klass: 'com/android/dx/dex/code/DalvInsnList'
R15=0x0000000020598000 is a thread


Stack: [0x000000001da80000,0x000000001db80000],  sp=0x000000001db7edc0,  free space=1019k
Native frames: (J=compiled Java code, j=interpreted, Vv=VM code, C=native code)
C  0x00000000054de3cc


---------------  P R O C E S S  ---------------

Java Threads: ( => current thread )
  0x000000001e529000 JavaThread "pool-518-thread-8" [_thread_blocked, id=5320, stack(0x0000000029af0000,0x0000000029bf0000)]
  0x000000001e52d000 JavaThread "pool-518-thread-7" [_thread_blocked, id=16184, stack(0x0000000025ba0000,0x0000000025ca0000)]
  0x000000001e52a800 JavaThread "pool-518-thread-6" [_thread_blocked, id=13944, stack(0x0000000029920000,0x0000000029a20000)]
  0x000000001e52c000 JavaThread "pool-518-thread-5" [_thread_blocked, id=11968, stack(0x0000000029720000,0x0000000029820000)]
  0x000000001d2da800 JavaThread "pool-518-thread-4" [_thread_blocked, id=12404, stack(0x0000000027b20000,0x0000000027c20000)]
  0x000000001d2dc000 JavaThread "pool-518-thread-3" [_thread_blocked, id=13276, stack(0x00000000295b0000,0x00000000296b0000)]
  0x000000001d2dd000 JavaThread "pool-518-thread-2" [_thread_blocked, id=14856, stack(0x0000000029480000,0x0000000029580000)]
  0x000000001d2da000 JavaThread "pool-518-thread-1" [_thread_blocked, id=12224, stack(0x0000000025660000,0x0000000025760000)]
  0x0000000020595000 JavaThread "Stdin handler" [_thread_blocked, id=18204, stack(0x000000001bfb0000,0x000000001c0b0000)]
  0x0000000020590800 JavaThread "Asynchronous log dispatcher for org.gradle.launcher.daemon.server.DefaultDaemonConnection@40076bcf" [_thread_blocked, id=17896, stack(0x000000001bb40000,0x000000001bc40000)]
  0x0000000020594000 JavaThread "Cancel handler" [_thread_blocked, id=4480, stack(0x000000001be70000,0x000000001bf70000)]
  0x0000000020593800 JavaThread "Handler for socket connection from /127.0.0.1:37457 to /127.0.0.1:33270" [_thread_in_native, id=18472, stack(0x000000001b910000,0x000000001ba10000)]
  0x0000000020592800 JavaThread "Daemon worker Thread 52" [_thread_blocked, id=5948, stack(0x0000000023a20000,0x0000000023b20000)]
  0x0000000020596800 JavaThread "Daemon Thread 52" [_thread_blocked, id=17108, stack(0x000000001ba30000,0x000000001bb30000)]
  0x000000001cee9000 JavaThread "stdout" daemon [_thread_in_native, id=12348, stack(0x00000000277a0000,0x00000000278a0000)]
  0x000000001cee8800 JavaThread "stderr" daemon [_thread_in_native, id=12296, stack(0x0000000027c40000,0x0000000027d40000)]
  0x0000000021e4a800 JavaThread "stdout" daemon [_thread_in_native, id=12916, stack(0x0000000027a00000,0x0000000027b00000)]
  0x0000000021e49800 JavaThread "stderr" daemon [_thread_in_native, id=15840, stack(0x00000000278a0000,0x00000000279a0000)]
  0x0000000021e49000 JavaThread "stdout" daemon [_thread_in_native, id=15896, stack(0x0000000027250000,0x0000000027350000)]
  0x0000000021e48000 JavaThread "stderr" daemon [_thread_in_native, id=4488, stack(0x0000000027620000,0x0000000027720000)]
  0x0000000021e47800 JavaThread "stdout" daemon [_thread_in_native, id=13400, stack(0x0000000027500000,0x0000000027600000)]
  0x0000000021e46800 JavaThread "stderr" daemon [_thread_in_native, id=9744, stack(0x0000000027350000,0x0000000027450000)]
  0x0000000021e46000 JavaThread "stdout" daemon [_thread_in_native, id=16908, stack(0x0000000027100000,0x0000000027200000)]
  0x0000000021e45000 JavaThread "stderr" daemon [_thread_in_native, id=15088, stack(0x0000000026cd0000,0x0000000026dd0000)]
  0x0000000021e44800 JavaThread "stdout" daemon [_thread_in_native, id=18932, stack(0x0000000026f90000,0x0000000027090000)]
  0x0000000021e43800 JavaThread "stderr" daemon [_thread_in_native, id=5460, stack(0x0000000026e60000,0x0000000026f60000)]
  0x000000001f2f1800 JavaThread "stdout" daemon [_thread_in_native, id=12548, stack(0x00000000264e0000,0x00000000265e0000)]
  0x000000001f2f0800 JavaThread "stderr" daemon [_thread_in_native, id=11180, stack(0x0000000026a80000,0x0000000026b80000)]
  0x000000001f2f0000 JavaThread "stdout" daemon [_thread_in_native, id=10660, stack(0x0000000026bd0000,0x0000000026cd0000)]
  0x000000001f2ef000 JavaThread "stderr" daemon [_thread_in_native, id=11488, stack(0x0000000026970000,0x0000000026a70000)]
  0x000000001f2ee800 JavaThread "png-cruncher_8" daemon [_thread_blocked, id=16272, stack(0x00000000267d0000,0x00000000268d0000)]
  0x000000001d442800 JavaThread "png-cruncher_7" daemon [_thread_blocked, id=11068, stack(0x0000000026600000,0x0000000026700000)]
  0x000000001d442000 JavaThread "png-cruncher_6" daemon [_thread_blocked, id=18488, stack(0x0000000025f00000,0x0000000026000000)]
  0x000000001d441000 JavaThread "png-cruncher_5" daemon [_thread_blocked, id=17708, stack(0x00000000263d0000,0x00000000264d0000)]
  0x000000001d440800 JavaThread "png-cruncher_4" daemon [_thread_blocked, id=14004, stack(0x0000000026230000,0x0000000026330000)]
  0x000000001d43f800 JavaThread "png-cruncher_3" daemon [_thread_blocked, id=14680, stack(0x0000000026050000,0x0000000026150000)]
  0x000000001d43f000 JavaThread "png-cruncher_2" daemon [_thread_blocked, id=1688, stack(0x0000000025de0000,0x0000000025ee0000)]
  0x000000001d43e000 JavaThread "png-cruncher_1" daemon [_thread_blocked, id=18172, stack(0x0000000025ca0000,0x0000000025da0000)]
  0x000000002059b800 JavaThread "pool-7-thread-4" [_thread_blocked, id=16312, stack(0x0000000024f40000,0x0000000025040000)]
=>0x0000000020598000 JavaThread "pool-7-thread-3" [_thread_in_Java, id=4028, stack(0x000000001da80000,0x000000001db80000)]
  0x000000002059a000 JavaThread "pool-7-thread-2" [_thread_blocked, id=11752, stack(0x0000000024c10000,0x0000000024d10000)]
  0x0000000020598800 JavaThread "pool-7-thread-1" [_thread_blocked, id=1656, stack(0x0000000024660000,0x0000000024760000)]
  0x000000001cd05800 JavaThread "File lock request listener" [_thread_in_native, id=13712, stack(0x000000001d900000,0x000000001da00000)]
  0x000000001a9db000 JavaThread "pool-1-thread-1" [_thread_blocked, id=11520, stack(0x000000001b7d0000,0x000000001b8d0000)]
  0x000000001a9ad000 JavaThread "Incoming local TCP Connector on port 37457" [_thread_in_native, id=10800, stack(0x000000001b340000,0x000000001b440000)]
  0x000000001792b000 JavaThread "Service Thread" daemon [_thread_blocked, id=10460, stack(0x00000000198f0000,0x00000000199f0000)]
  0x00000000178b9800 JavaThread "C1 CompilerThread3" daemon [_thread_blocked, id=14892, stack(0x00000000197b0000,0x00000000198b0000)]
  0x00000000178a1000 JavaThread "C2 CompilerThread2" daemon [_thread_blocked, id=13172, stack(0x0000000019630000,0x0000000019730000)]
  0x000000001789c000 JavaThread "C2 CompilerThread1" daemon [_thread_blocked, id=11416, stack(0x0000000019410000,0x0000000019510000)]
  0x0000000017881000 JavaThread "C2 CompilerThread0" daemon [_thread_blocked, id=11412, stack(0x0000000019150000,0x0000000019250000)]
  0x000000001787d000 JavaThread "Attach Listener" daemon [_thread_blocked, id=7932, stack(0x0000000018e20000,0x0000000018f20000)]
  0x000000001787b000 JavaThread "Signal Dispatcher" daemon [_thread_blocked, id=18812, stack(0x0000000018f60000,0x0000000019060000)]
  0x00000000168dd800 JavaThread "Finalizer" daemon [_thread_blocked, id=15268, stack(0x0000000018c90000,0x0000000018d90000)]
  0x00000000168d6800 JavaThread "Reference Handler" daemon [_thread_blocked, id=14944, stack(0x00000000189f0000,0x0000000018af0000)]
  0x000000000222e800 JavaThread "main" [_thread_blocked, id=16420, stack(0x0000000002340000,0x0000000002440000)]

Other Threads:
  0x0000000017833000 VMThread [stack: 0x0000000018840000,0x0000000018940000] [id=10188]
  0x000000001790a800 WatcherThread [stack: 0x0000000019a00000,0x0000000019b00000] [id=16380]

VM state:not at safepoint (normal execution)

VM Mutex/Monitor currently owned by a thread: None

Heap:
 PSYoungGen      total 409088K, used 254278K [0x00000000e0000000, 0x0000000100000000, 0x0000000100000000)
  eden space 357376K, 56% used [0x00000000e0000000,0x00000000ec5d3228,0x00000000f5d00000)
  from space 51712K, 99% used [0x00000000fcd80000,0x00000000ffffe6a0,0x0000000100000000)
  to   space 83456K, 0% used [0x00000000f5d00000,0x00000000f5d00000,0x00000000fae80000)
 ParOldGen       total 191488K, used 127419K [0x00000000a0000000, 0x00000000abb00000, 0x00000000e0000000)
  object space 191488K, 66% used [0x00000000a0000000,0x00000000a7c6ee18,0x00000000abb00000)
 Metaspace       used 83669K, capacity 92386K, committed 92928K, reserved 1130496K
  class space    used 10690K, capacity 11476K, committed 11776K, reserved 1048576K

Card table byte_map: [0x0000000011ad0000,0x0000000011de0000] byte_map_base: 0x00000000115d0000

Marking Bits: (ParMarkBitMap*) 0x0000000050fb9d00
 Begin Bits: [0x0000000012bf0000, 0x00000000143f0000)
 End Bits:   [0x00000000143f0000, 0x0000000015bf0000)

Polling page: 0x0000000000330000

CodeCache: size=245760Kb used=85842Kb max_used=85889Kb free=159917Kb
 bounds [0x0000000002710000, 0x0000000007ba0000, 0x0000000011710000]
 total_blobs=22478 nmethods=21719 adapters=670
 compilation: enabled

Compilation events (10 events):
Event: 19671.286 Thread 0x00000000178b9800 nmethod 30334 0x0000000005dc9390 code [0x0000000005dc9520, 0x0000000005dc9a58]
Event: 19671.305 Thread 0x00000000178b9800 30335   !   3       com.android.dx.dex.file.DexFile::toDex0 (507 bytes)
Event: 19671.312 Thread 0x00000000178b9800 nmethod 30335 0x0000000007b91550 code [0x0000000007b91da0, 0x0000000007b97d58]
Event: 19671.379 Thread 0x00000000178b9800 30336       3       com.android.dx.rop.cst.CstLong::make (9 bytes)
Event: 19671.380 Thread 0x00000000178b9800 nmethod 30336 0x0000000005397590 code [0x0000000005397720, 0x0000000005397af0]
Event: 19671.380 Thread 0x00000000178a1000 30337   !   4       com.android.dx.dex.file.UniformListItem::getAlignment (40 bytes)
Event: 19671.382 Thread 0x00000000178a1000 nmethod 30337 0x000000000400f550 code [0x000000000400f6a0, 0x000000000400f798]
Event: 19671.455 Thread 0x0000000017881000 30338   !   4       java.util.concurrent.ConcurrentHashMap$TreeBin::putTreeVal (371 bytes)
Event: 19671.472 Thread 0x0000000017881000 nmethod 30338 0x0000000007b8f990 code [0x0000000007b8fb60, 0x0000000007b907b0]
Event: 19671.510 Thread 0x000000001789c000 30339       4       com.android.dx.dex.code.form.Form31i::isCompatible (66 bytes)

GC Heap History (10 events):
Event: 19645.477 GC heap before
{Heap before GC invocations=201 (full 51):
 PSYoungGen      total 471552K, used 26576K [0x00000000e0000000, 0x00000000ffe00000, 0x0000000100000000)
  eden space 425472K, 0% used [0x00000000e0000000,0x00000000e0000000,0x00000000f9f80000)
  from space 46080K, 57% used [0x00000000fce00000,0x00000000fe7f41e0,0x00000000ffb00000)
  to   space 47616K, 0% used [0x00000000f9f80000,0x00000000f9f80000,0x00000000fce00000)
 ParOldGen       total 191488K, used 48500K [0x00000000a0000000, 0x00000000abb00000, 0x00000000e0000000)
  object space 191488K, 25% used [0x00000000a0000000,0x00000000a2f5d328,0x00000000abb00000)
 Metaspace       used 82931K, capacity 91570K, committed 92160K, reserved 1130496K
  class space    used 10562K, capacity 11332K, committed 11776K, reserved 1048576K
Event: 19645.756 GC heap after
Heap after GC invocations=201 (full 51):
 PSYoungGen      total 471552K, used 0K [0x00000000e0000000, 0x00000000ffe00000, 0x0000000100000000)
  eden space 425472K, 0% used [0x00000000e0000000,0x00000000e0000000,0x00000000f9f80000)
  from space 46080K, 0% used [0x00000000fce00000,0x00000000fce00000,0x00000000ffb00000)
  to   space 47616K, 0% used [0x00000000f9f80000,0x00000000f9f80000,0x00000000fce00000)
 ParOldGen       total 191488K, used 70655K [0x00000000a0000000, 0x00000000abb00000, 0x00000000e0000000)
  object space 191488K, 36% used [0x00000000a0000000,0x00000000a44ffdb8,0x00000000abb00000)
 Metaspace       used 82931K, capacity 91570K, committed 92160K, reserved 1130496K
  class space    used 10562K, capacity 11332K, committed 11776K, reserved 1048576K
}
Event: 19669.763 GC heap before
{Heap before GC invocations=202 (full 51):
 PSYoungGen      total 471552K, used 424861K [0x00000000e0000000, 0x00000000ffe00000, 0x0000000100000000)
  eden space 425472K, 99% used [0x00000000e0000000,0x00000000f9ee77b0,0x00000000f9f80000)
  from space 46080K, 0% used [0x00000000fce00000,0x00000000fce00000,0x00000000ffb00000)
  to   space 47616K, 0% used [0x00000000f9f80000,0x00000000f9f80000,0x00000000fce00000)
 ParOldGen       total 191488K, used 70655K [0x00000000a0000000, 0x00000000abb00000, 0x00000000e0000000)
  object space 191488K, 36% used [0x00000000a0000000,0x00000000a44ffdb8,0x00000000abb00000)
 Metaspace       used 82986K, capacity 91658K, committed 92416K, reserved 1130496K
  class space    used 10570K, capacity 11340K, committed 11776K, reserved 1048576K
Event: 19669.777 GC heap after
Heap after GC invocations=202 (full 51):
 PSYoungGen      total 473088K, used 8655K [0x00000000e0000000, 0x00000000ffd80000, 0x0000000100000000)
  eden space 425472K, 0% used [0x00000000e0000000,0x00000000e0000000,0x00000000f9f80000)
  from space 47616K, 18% used [0x00000000f9f80000,0x00000000fa7f3de0,0x00000000fce00000)
  to   space 45568K, 0% used [0x00000000fd100000,0x00000000fd100000,0x00000000ffd80000)
 ParOldGen       total 191488K, used 70655K [0x00000000a0000000, 0x00000000abb00000, 0x00000000e0000000)
  object space 191488K, 36% used [0x00000000a0000000,0x00000000a44ffdb8,0x00000000abb00000)
 Metaspace       used 82986K, capacity 91658K, committed 92416K, reserved 1130496K
  class space    used 10570K, capacity 11340K, committed 11776K, reserved 1048576K
}
Event: 19670.791 GC heap before
{Heap before GC invocations=203 (full 51):
 PSYoungGen      total 473088K, used 434127K [0x00000000e0000000, 0x00000000ffd80000, 0x0000000100000000)
  eden space 425472K, 100% used [0x00000000e0000000,0x00000000f9f80000,0x00000000f9f80000)
  from space 47616K, 18% used [0x00000000f9f80000,0x00000000fa7f3de0,0x00000000fce00000)
  to   space 45568K, 0% used [0x00000000fd100000,0x00000000fd100000,0x00000000ffd80000)
 ParOldGen       total 191488K, used 70655K [0x00000000a0000000, 0x00000000abb00000, 0x00000000e0000000)
  object space 191488K, 36% used [0x00000000a0000000,0x00000000a44ffdb8,0x00000000abb00000)
 Metaspace       used 83659K, capacity 92386K, committed 92928K, reserved 1130496K
  class space    used 10690K, capacity 11476K, committed 11776K, reserved 1048576K
Event: 19670.819 GC heap after
Heap after GC invocations=203 (full 51):
 PSYoungGen      total 470528K, used 33510K [0x00000000e0000000, 0x0000000100000000, 0x0000000100000000)
  eden space 424960K, 0% used [0x00000000e0000000,0x00000000e0000000,0x00000000f9f00000)
  from space 45568K, 73% used [0x00000000fd100000,0x00000000ff1b99b8,0x00000000ffd80000)
  to   space 49664K, 0% used [0x00000000f9f00000,0x00000000f9f00000,0x00000000fcf80000)
 ParOldGen       total 191488K, used 75943K [0x00000000a0000000, 0x00000000abb00000, 0x00000000e0000000)
  object space 191488K, 39% used [0x00000000a0000000,0x00000000a4a29e80,0x00000000abb00000)
 Metaspace       used 83659K, capacity 92386K, committed 92928K, reserved 1130496K
  class space    used 10690K, capacity 11476K, committed 11776K, reserved 1048576K
}
Event: 19671.042 GC heap before
{Heap before GC invocations=204 (full 51):
 PSYoungGen      total 470528K, used 458470K [0x00000000e0000000, 0x0000000100000000, 0x0000000100000000)
  eden space 424960K, 100% used [0x00000000e0000000,0x00000000f9f00000,0x00000000f9f00000)
  from space 45568K, 73% used [0x00000000fd100000,0x00000000ff1b99b8,0x00000000ffd80000)
  to   space 49664K, 0% used [0x00000000f9f00000,0x00000000f9f00000,0x00000000fcf80000)
 ParOldGen       total 191488K, used 75943K [0x00000000a0000000, 0x00000000abb00000, 0x00000000e0000000)
  object space 191488K, 39% used [0x00000000a0000000,0x00000000a4a29e80,0x00000000abb00000)
 Metaspace       used 83660K, capacity 92386K, committed 92928K, reserved 1130496K
  class space    used 10690K, capacity 11476K, committed 11776K, reserved 1048576K
Event: 19671.082 GC heap after
Heap after GC invocations=204 (full 51):
 PSYoungGen      total 472576K, used 47533K [0x00000000e0000000, 0x0000000100000000, 0x0000000100000000)
  eden space 424960K, 0% used [0x00000000e0000000,0x00000000e0000000,0x00000000f9f00000)
  from space 47616K, 99% used [0x00000000f9f00000,0x00000000fcd6b770,0x00000000fcd80000)
  to   space 51712K, 0% used [0x00000000fcd80000,0x00000000fcd80000,0x0000000100000000)
 ParOldGen       total 191488K, used 82165K [0x00000000a0000000, 0x00000000abb00000, 0x00000000e0000000)
  object space 191488K, 42% used [0x00000000a0000000,0x00000000a503d458,0x00000000abb00000)
 Metaspace       used 83660K, capacity 92386K, committed 92928K, reserved 1130496K
  class space    used 10690K, capacity 11476K, committed 11776K, reserved 1048576K
}
Event: 19671.314 GC heap before
{Heap before GC invocations=205 (full 51):
 PSYoungGen      total 472576K, used 472493K [0x00000000e0000000, 0x0000000100000000, 0x0000000100000000)
  eden space 424960K, 100% used [0x00000000e0000000,0x00000000f9f00000,0x00000000f9f00000)
  from space 47616K, 99% used [0x00000000f9f00000,0x00000000fcd6b770,0x00000000fcd80000)
  to   space 51712K, 0% used [0x00000000fcd80000,0x00000000fcd80000,0x0000000100000000)
 ParOldGen       total 191488K, used 82165K [0x00000000a0000000, 0x00000000abb00000, 0x00000000e0000000)
  object space 191488K, 42% used [0x00000000a0000000,0x00000000a503d458,0x00000000abb00000)
 Metaspace       used 83669K, capacity 92386K, committed 92928K, reserved 1130496K
  class space    used 10690K, capacity 11476K, committed 11776K, reserved 1048576K
Event: 19671.375 GC heap after
Heap after GC invocations=205 (full 51):
 PSYoungGen      total 409088K, used 51705K [0x00000000e0000000, 0x0000000100000000, 0x0000000100000000)
  eden space 357376K, 0% used [0x00000000e0000000,0x00000000e0000000,0x00000000f5d00000)
  from space 51712K, 99% used [0x00000000fcd80000,0x00000000ffffe6a0,0x0000000100000000)
  to   space 83456K, 0% used [0x00000000f5d00000,0x00000000f5d00000,0x00000000fae80000)
 ParOldGen       total 191488K, used 127419K [0x00000000a0000000, 0x00000000abb00000, 0x00000000e0000000)
  object space 191488K, 66% used [0x00000000a0000000,0x00000000a7c6ee18,0x00000000abb00000)
 Metaspace       used 83669K, capacity 92386K, committed 92928K, reserved 1130496K
  class space    used 10690K, capacity 11476K, committed 11776K, reserved 1048576K
}

Deoptimization events (10 events):
Event: 19642.338 Thread 0x0000000020592800 Uncommon trap: reason=unstable_if action=reinterpret pc=0x0000000005e090e8 method=org.objectweb.asm.ClassReader.b(Lorg/objectweb/asm/ClassVisitor;Lorg/objectweb/asm/Context;I)I @ 303
Event: 19642.809 Thread 0x0000000020592800 Uncommon trap: reason=unstable_if action=reinterpret pc=0x000000000447ea48 method=org.objectweb.asm.ClassReader.a(II[C)Ljava/lang/String; @ 77
Event: 19642.809 Thread 0x0000000020592800 Uncommon trap: reason=unstable_if action=reinterpret pc=0x0000000004481154 method=org.objectweb.asm.ClassReader.a(II[C)Ljava/lang/String; @ 77
Event: 19642.810 Thread 0x0000000020592800 Uncommon trap: reason=unstable_if action=reinterpret pc=0x000000000573e9a4 method=org.objectweb.asm.ByteVector.putUTF8(Ljava/lang/String;)Lorg/objectweb/asm/ByteVector; @ 98
Event: 19642.810 Thread 0x0000000020592800 Uncommon trap: reason=unstable_if action=reinterpret pc=0x0000000004d3ea24 method=org.objectweb.asm.ByteVector.putUTF8(Ljava/lang/String;)Lorg/objectweb/asm/ByteVector; @ 98
Event: 19643.013 Thread 0x0000000020592800 Uncommon trap: reason=unstable_if action=reinterpret pc=0x0000000007ad1d58 method=org.objectweb.asm.MethodWriter.a(Lorg/objectweb/asm/ByteVector;)V @ 177
Event: 19669.195 Thread 0x0000000020592800 Uncommon trap: reason=array_check action=maybe_recompile pc=0x0000000007855e08 method=java.util.ComparableTimSort.mergeHi(IIII)V @ 415
Event: 19669.195 Thread 0x0000000020592800 Uncommon trap: reason=array_check action=maybe_recompile pc=0x0000000007855e08 method=java.util.ComparableTimSort.mergeHi(IIII)V @ 415
Event: 19669.198 Thread 0x0000000020592800 Uncommon trap: reason=array_check action=maybe_recompile pc=0x00000000077d55cc method=java.util.ComparableTimSort.mergeHi(IIII)V @ 415
Event: 19669.593 Thread 0x0000000020592800 Uncommon trap: reason=class_check action=maybe_recompile pc=0x00000000072dadcc method=com.android.ide.common.res2.DataSet.appendToXml(Lorg/w3c/dom/Node;Lorg/w3c/dom/Document;Lcom/android/ide/common/res2/MergeConsumer;Z)V @ 117

Internal exceptions (10 events):
Event: 19635.598 Thread 0x0000000020592800 Exception <a 'sun/nio/fs/WindowsException'> (0x00000000f4119028) thrown at [C:\src\android\AOSP-openjdk\external\jetbrains\jdk\hotspot\src\share\vm\prims\jni.cpp, line 709]
Event: 19635.598 Thread 0x0000000020592800 Exception <a 'sun/nio/fs/WindowsException'> (0x00000000f4119cd0) thrown at [C:\src\android\AOSP-openjdk\external\jetbrains\jdk\hotspot\src\share\vm\prims\jni.cpp, line 709]
Event: 19635.599 Thread 0x0000000020592800 Exception <a 'sun/nio/fs/WindowsException'> (0x00000000f411ce88) thrown at [C:\src\android\AOSP-openjdk\external\jetbrains\jdk\hotspot\src\share\vm\prims\jni.cpp, line 709]
Event: 19635.600 Thread 0x0000000020592800 Exception <a 'sun/nio/fs/WindowsException'> (0x00000000f411d9b8) thrown at [C:\src\android\AOSP-openjdk\external\jetbrains\jdk\hotspot\src\share\vm\prims\jni.cpp, line 709]
Event: 19635.600 Thread 0x0000000020592800 Exception <a 'sun/nio/fs/WindowsException'> (0x00000000f411f530) thrown at [C:\src\android\AOSP-openjdk\external\jetbrains\jdk\hotspot\src\share\vm\prims\jni.cpp, line 709]
Event: 19635.600 Thread 0x0000000020592800 Exception <a 'sun/nio/fs/WindowsException'> (0x00000000f4120098) thrown at [C:\src\android\AOSP-openjdk\external\jetbrains\jdk\hotspot\src\share\vm\prims\jni.cpp, line 709]
Event: 19662.421 Thread 0x0000000020592800 Exception <a 'java/lang/ClassNotFoundException': asLocalRepo707_48wky89d7nopyt3qehvpnpvsdBeanInfo> (0x00000000e00ac030) thrown at [C:\src\android\AOSP-openjdk\external\jetbrains\jdk\hotspot\src\share\vm\classfile\systemDictionary.cpp, line 210]
Event: 19662.421 Thread 0x0000000020592800 Exception <a 'java/lang/ClassNotFoundException': asLocalRepo707_48wky89d7nopyt3qehvpnpvsdCustomizer> (0x00000000e00b5b98) thrown at [C:\src\android\AOSP-openjdk\external\jetbrains\jdk\hotspot\src\share\vm\classfile\systemDictionary.cpp, line 210]
Event: 19669.592 Thread 0x000000001d2dc000 Exception <a 'sun/nio/fs/WindowsException'> (0x00000000eab15430) thrown at [C:\src\android\AOSP-openjdk\external\jetbrains\jdk\hotspot\src\share\vm\prims\jni.cpp, line 709]
Event: 19669.592 Thread 0x000000001d2dc000 Exception <a 'sun/nio/fs/WindowsException'> (0x00000000eab15c30) thrown at [C:\src\android\AOSP-openjdk\external\jetbrains\jdk\hotspot\src\share\vm\prims\jni.cpp, line 709]

Events (10 events):
Event: 19671.384 Thread 0x000000001ceed000 Thread exited: 0x000000001ceed000
Event: 19671.390 Thread 0x000000001d200800 Thread exited: 0x000000001d200800
Event: 19671.420 Thread 0x000000001d200000 Thread exited: 0x000000001d200000
Event: 19671.470 Thread 0x000000001d1ff000 Thread exited: 0x000000001d1ff000
Event: 19671.471 Thread 0x000000001d1fe800 Thread exited: 0x000000001d1fe800
Event: 19671.471 Thread 0x000000001e52e800 Thread exited: 0x000000001e52e800
Event: 19671.480 Thread 0x000000001e528800 Thread exited: 0x000000001e528800
Event: 19671.480 Thread 0x000000001e52a000 Thread exited: 0x000000001e52a000
Event: 19671.492 Thread 0x000000001ceef000 Thread exited: 0x000000001ceef000
Event: 19671.492 Thread 0x000000001d205000 Thread exited: 0x000000001d205000


Dynamic libraries:
0x000000013f1c0000 - 0x000000013f1f1000 	C:\Program Files\Android\Android Studio1\jre\bin\java.exe
0x00000000771c0000 - 0x000000007736a000 	C:\Windows\SYSTEM32\ntdll.dll
0x0000000076fa0000 - 0x00000000770bf000 	C:\Windows\system32\kernel32.dll
0x000007fefcfe0000 - 0x000007fefd04b000 	C:\Windows\system32\KERNELBASE.dll
0x000007fefeeb0000 - 0x000007fefef8b000 	C:\Windows\system32\ADVAPI32.dll
0x000007fefecb0000 - 0x000007fefed4f000 	C:\Windows\system32\msvcrt.dll
0x000007fefee60000 - 0x000007fefee7f000 	C:\Windows\SYSTEM32\sechost.dll
0x000007feff030000 - 0x000007feff15d000 	C:\Windows\system32\RPCRT4.dll
0x00000000770c0000 - 0x00000000771ba000 	C:\Windows\system32\USER32.dll
0x000007fefec40000 - 0x000007fefeca7000 	C:\Windows\system32\GDI32.dll
0x000007fefee80000 - 0x000007fefee8e000 	C:\Windows\system32\LPK.dll
0x000007fefdc50000 - 0x000007fefdd19000 	C:\Windows\system32\USP10.dll
0x000007fefbae0000 - 0x000007fefbcd4000 	C:\Windows\WinSxS\amd64_microsoft.windows.common-controls_6595b64144ccf1df_6.0.7601.17514_none_fa396087175ac9ac\COMCTL32.dll
0x000007fefede0000 - 0x000007fefee51000 	C:\Windows\system32\SHLWAPI.dll
0x000007fefed50000 - 0x000007fefed7e000 	C:\Windows\system32\IMM32.DLL
0x000007fefd8e0000 - 0x000007fefd9e9000 	C:\Windows\system32\MSCTF.dll
0x000000005c8f0000 - 0x000000005c9c2000 	C:\Program Files\Android\Android Studio1\jre\jre\bin\msvcr100.dll
0x0000000050800000 - 0x0000000051034000 	C:\Program Files\Android\Android Studio1\jre\jre\bin\server\jvm.dll
0x000007feef640000 - 0x000007feef649000 	C:\Windows\system32\WSOCK32.dll
0x000007fefd340000 - 0x000007fefd38d000 	C:\Windows\system32\WS2_32.dll
0x000007fefd680000 - 0x000007fefd688000 	C:\Windows\system32\NSI.dll
0x000007fefa900000 - 0x000007fefa93b000 	C:\Windows\system32\WINMM.dll
0x000007fefbfd0000 - 0x000007fefbfdc000 	C:\Windows\system32\VERSION.dll
0x0000000077390000 - 0x0000000077397000 	C:\Windows\system32\PSAPI.DLL
0x000007fefa400000 - 0x000007fefa40f000 	C:\Program Files\Android\Android Studio1\jre\jre\bin\verify.dll
0x000007fee8a30000 - 0x000007fee8a59000 	C:\Program Files\Android\Android Studio1\jre\jre\bin\java.dll
0x000007fefa370000 - 0x000007fefa386000 	C:\Program Files\Android\Android Studio1\jre\jre\bin\zip.dll
0x000007fefdd20000 - 0x000007fefeaa8000 	C:\Windows\system32\SHELL32.dll
0x000007fefd470000 - 0x000007fefd673000 	C:\Windows\system32\ole32.dll
0x000007fefcf80000 - 0x000007fefcf8f000 	C:\Windows\system32\profapi.dll
0x000007fefa320000 - 0x000007fefa33a000 	C:\Program Files\Android\Android Studio1\jre\jre\bin\net.dll
0x000007fefc680000 - 0x000007fefc6d5000 	C:\Windows\system32\mswsock.dll
0x000007fefc670000 - 0x000007fefc677000 	C:\Windows\System32\wship6.dll
0x000007feed4b0000 - 0x000007feed4c1000 	C:\Program Files\Android\Android Studio1\jre\jre\bin\nio.dll
0x000007fee86a0000 - 0x000007fee86b2000 	C:\Users\CicMax\.gradle\native\19\windows-amd64\native-platform.dll
0x000007fefc9b0000 - 0x000007fefc9c7000 	C:\Windows\system32\CRYPTSP.dll
0x000007fefc8a0000 - 0x000007fefc8e7000 	C:\Windows\system32\rsaenh.dll
0x000007fefd1c0000 - 0x000007fefd1df000 	C:\Windows\system32\USERENV.dll
0x000007fefce20000 - 0x000007fefce2f000 	C:\Windows\system32\CRYPTBASE.dll
0x000007fefa2f0000 - 0x000007fefa317000 	C:\Windows\system32\IPHLPAPI.DLL
0x000007fefa2e0000 - 0x000007fefa2eb000 	C:\Windows\system32\WINNSI.DLL
0x000007fefa1e0000 - 0x000007fefa1f8000 	C:\Windows\system32\dhcpcsvc.DLL
0x000007fefa190000 - 0x000007fefa1a1000 	C:\Windows\system32\dhcpcsvc6.DLL
0x000007fefbd50000 - 0x000007fefbd5d000 	C:\Program Files\Android\Android Studio1\jre\jre\bin\management.dll
0x000007fefcdc0000 - 0x000007fefce17000 	C:\Windows\system32\apphelp.dll
0x000007fee8550000 - 0x000007fee8675000 	C:\Windows\system32\dbghelp.dll

VM Arguments:
jvm_args: -Xmx1536m -Dfile.encoding=windows-1250 -Duser.country=HU -Duser.language=hu -Duser.variant 
java_command: org.gradle.launcher.daemon.bootstrap.GradleDaemon 2.14.1
java_class_path (initial): C:\Program Files\Android\Android Studio1\gradle\gradle-2.14.1\lib\gradle-launcher-2.14.1.jar
Launcher Type: SUN_STANDARD

Environment Variables:
PATH=C:\Program Files (x86)\Common Files\Intel\Shared Libraries\redist\intel64\compiler;c:\program files\gcc\bin;c:\program files\gcc\libexec\gcc\x86_64-pc-mingw32\4.8.2;c:\program files\gcc\libexec\gcc\x86_64-pc-mingw32\4.9.1;C:\Program Files\Common Files\Microsoft Shared\Windows Live;C:\Program Files (x86)\Common Files\Microsoft Shared\Windows Live;C:\ProgramData\Oracle\Java\javapath;C:\Program Files (x86)\AMD APP\bin\x86_64;C:\Program Files (x86)\AMD APP\bin\x86;C:\Windows\system32;C:\Windows;C:\Windows\System32\Wbem;C:\Windows\System32\WindowsPowerShell\v1.0\;C:\Program Files (x86)\Toshiba\Bluetooth Toshiba Stack\sys\;C:\Program Files (x86)\Toshiba\Bluetooth Toshiba Stack\sys\x64\;C:\Program Files (x86)\Windows Live\Shared;C:\Program Files\Calibre2\;C:\Program Files\FERRO Software\FtpUse;C:\Program Files (x86)\QuickTime\QTSystem\;C:\adb;C:\Program Files (x86)\ATI Technologies\ATI.ACE\Core-Static;C:\Program Files\Common Files\Autodesk Shared\;C:\Program Files (x86)\Windows Kits\8.1\Windows Performance Toolkit\;C:\Program Files\Microsoft SQL Server\110\Tools\Binn\;C:\Program Files (x86)\Microsoft SDKs\TypeScript\1.0\;D:\Program Files\GRAPHISOFT\ArchiCAD 16;C:\Program Files\Java\Java3D\1.5.1\bin;C:\Program Files (x86)\Skype\Phone\
USERNAME=CicMax
OS=Windows_NT
PROCESSOR_IDENTIFIER=Intel64 Family 6 Model 42 Stepping 7, GenuineIntel



---------------  S Y S T E M  ---------------

OS: Windows 7 , 64 bit Build 7601 (6.1.7601.22436)

CPU:total 8 (4 cores per cpu, 2 threads per core) family 6 model 42 stepping 7, cmov, cx8, fxsr, mmx, sse, sse2, sse3, ssse3, sse4.1, sse4.2, popcnt, avx, clmul, ht, tsc, tscinvbit

Memory: 4k page, physical 8370032k(860200k free), swap 18647704k(5998284k free)

vm_info: OpenJDK 64-Bit Server VM (25.76-b03) for windows-amd64 JRE (1.8.0_76-release-b03), built on Jun 29 2016 19:09:20 by "ralucas" with MS VC++ 10.0 (VS2010)

time: Sat Mar 25 22:23:15 2017
elapsed time: 19672 seconds (0d 5h 27m 52s)

